c:\users\hard_reset\desktop\projects\noob\hash_check\hash_check\release\vc142.pdb
c:\users\hard_reset\desktop\projects\noob\hash_check\hash_check\release\hl_sha256wrapper.obj
c:\users\hard_reset\desktop\projects\noob\hash_check\hash_check\release\hl_sha256.obj
c:\users\hard_reset\desktop\projects\noob\hash_check\hash_check\release\hl_sha1wrapper.obj
c:\users\hard_reset\desktop\projects\noob\hash_check\hash_check\release\hl_sha1.obj
c:\users\hard_reset\desktop\projects\noob\hash_check\hash_check\release\hl_md5wrapper.obj
c:\users\hard_reset\desktop\projects\noob\hash_check\hash_check\release\hl_md5.obj
c:\users\hard_reset\desktop\projects\noob\hash_check\hash_check\release\hash_check.obj
c:\users\hard_reset\desktop\test\hash_check\hash_check\release\vc142.pdb
c:\users\hard_reset\desktop\test\hash_check\hash_check\release\hash_check.obj
c:\users\hard_reset\desktop\test\hash_check\hash_check\release\hl_sha2ext.obj
c:\users\hard_reset\desktop\test\hash_check\hash_check\release\hl_sha256wrapper.obj
c:\users\hard_reset\desktop\test\hash_check\hash_check\release\hl_sha256.obj
c:\users\hard_reset\desktop\test\hash_check\hash_check\release\hl_sha1wrapper.obj
c:\users\hard_reset\desktop\test\hash_check\hash_check\release\hl_md5wrapper.obj
c:\users\hard_reset\desktop\test\hash_check\hash_check\release\hl_md5.obj
c:\users\hard_reset\desktop\projects\noob\hash_check\release\hash_check.exe
c:\users\hard_reset\desktop\projects\noob\hash_check\hash_check\release\hash_check.ipdb
c:\users\hard_reset\desktop\projects\noob\hash_check\hash_check\release\hash_check.iobj
c:\users\hard_reset\desktop\projects\noob\hash_check\release\hash_check.pdb
c:\users\hard_reset\desktop\test\hash_check\hash_check\release\hl_sha1.obj
c:\users\hard_reset\desktop\test\hash_check\hash_check\release\hash_check.ipdb
c:\users\hard_reset\desktop\test\hash_check\hash_check\release\hash_check.iobj
c:\users\hard_reset\desktop\test\hash_check\release\hash_check.pdb
c:\users\hard_reset\desktop\test\hash_check\hash_check\release\hash_check.tlog\cl.command.1.tlog
c:\users\hard_reset\desktop\test\hash_check\hash_check\release\hash_check.tlog\cl.read.1.tlog
c:\users\hard_reset\desktop\test\hash_check\hash_check\release\hash_check.tlog\cl.write.1.tlog
c:\users\hard_reset\desktop\test\hash_check\hash_check\release\hash_check.tlog\link.command.1.tlog
c:\users\hard_reset\desktop\test\hash_check\hash_check\release\hash_check.tlog\link.read.1.tlog
c:\users\hard_reset\desktop\test\hash_check\hash_check\release\hash_check.tlog\link.write.1.tlog
